481  [main] INFO  o.s.b.t.c.SpringBootTestContextBootstrapper - Neither @ContextConfiguration nor @ContextHierarchy found for test class [org.example.integration.purchaseOrder.PurchaseOrderIntegrationTest], using SpringBootContextLoader
498  [main] INFO  o.s.t.c.s.AbstractContextLoader - Could not detect default resource locations for test class [org.example.integration.purchaseOrder.PurchaseOrderIntegrationTest]: no resource found for suffixes {-context.xml, Context.groovy}.
1031 [main] INFO  o.s.b.t.c.SpringBootTestContextBootstrapper - Loaded default TestExecutionListener class names from location [META-INF/spring.factories]: [org.springframework.boot.test.mock.mockito.MockitoTestExecutionListener, org.springframework.boot.test.mock.mockito.ResetMocksTestExecutionListener, org.springframework.boot.test.autoconfigure.restdocs.RestDocsTestExecutionListener, org.springframework.boot.test.autoconfigure.web.client.MockRestServiceServerResetTestExecutionListener, org.springframework.boot.test.autoconfigure.web.servlet.MockMvcPrintOnlyOnFailureTestExecutionListener, org.springframework.boot.test.autoconfigure.web.servlet.WebDriverTestExecutionListener, org.springframework.boot.test.autoconfigure.webservices.client.MockWebServiceServerTestExecutionListener, org.springframework.test.context.web.ServletTestExecutionListener, org.springframework.test.context.support.DirtiesContextBeforeModesTestExecutionListener, org.springframework.test.context.event.ApplicationEventsTestExecutionListener, org.springframework.test.context.support.DependencyInjectionTestExecutionListener, org.springframework.test.context.support.DirtiesContextTestExecutionListener, org.springframework.test.context.transaction.TransactionalTestExecutionListener, org.springframework.test.context.jdbc.SqlScriptsTestExecutionListener, org.springframework.test.context.event.EventPublishingTestExecutionListener]
1076 [main] INFO  o.s.b.t.c.SpringBootTestContextBootstrapper - Using TestExecutionListeners: [org.springframework.test.context.web.ServletTestExecutionListener@6063d80a, org.springframework.test.context.support.DirtiesContextBeforeModesTestExecutionListener@1133ec6e, org.springframework.test.context.event.ApplicationEventsTestExecutionListener@355e34c7, org.springframework.boot.test.mock.mockito.MockitoTestExecutionListener@54709809, org.springframework.boot.test.autoconfigure.SpringBootDependencyInjectionTestExecutionListener@2a2da905, org.springframework.test.context.support.DirtiesContextTestExecutionListener@24f360b2, org.springframework.test.context.transaction.TransactionalTestExecutionListener@60cf80e7, org.springframework.test.context.jdbc.SqlScriptsTestExecutionListener@302fec27, org.springframework.test.context.event.EventPublishingTestExecutionListener@770d0ea6, org.springframework.boot.test.mock.mockito.ResetMocksTestExecutionListener@48c40605, org.springframework.boot.test.autoconfigure.restdocs.RestDocsTestExecutionListener@54107f42, org.springframework.boot.test.autoconfigure.web.client.MockRestServiceServerResetTestExecutionListener@1b11ef33, org.springframework.boot.test.autoconfigure.web.servlet.MockMvcPrintOnlyOnFailureTestExecutionListener@476aac9, org.springframework.boot.test.autoconfigure.web.servlet.WebDriverTestExecutionListener@6cea706c, org.springframework.boot.test.autoconfigure.webservices.client.MockWebServiceServerTestExecutionListener@3bd7f8dc]
1803 [main] INFO  o.e.i.p.PurchaseOrderIntegrationTest - Starting PurchaseOrderIntegrationTest using Java 11.0.19 on FSGWM13 with PID 7656 (started by andreivav in C:\Users\andreivav\Documents\Munca\repo-clone\APAutomationSystem\core)
1805 [main] INFO  o.e.i.p.PurchaseOrderIntegrationTest - No active profile set, falling back to 1 default profile: "default"
3996 [main] INFO  o.s.d.r.c.RepositoryConfigurationDelegate - Bootstrapping Spring Data MongoDB repositories in DEFAULT mode.
4158 [main] INFO  o.s.d.r.c.RepositoryConfigurationDelegate - Finished Spring Data repository scanning in 152 ms. Found 4 MongoDB repository interfaces.
6373 [main] INFO  org.mongodb.driver.client - MongoClient with metadata {"driver": {"name": "mongo-java-driver|sync|spring-boot", "version": "4.6.0"}, "os": {"type": "Windows", "name": "Windows 10", "architecture": "amd64", "version": "10.0"}, "platform": "Java/Amazon.com Inc./11.0.19+7-LTS"} created with settings MongoClientSettings{readPreference=primary, writeConcern=WriteConcern{w=null, wTimeout=null ms, journal=null}, retryWrites=true, retryReads=true, readConcern=ReadConcern{level=null}, credential=null, streamFactoryFactory=null, commandListeners=[io.micrometer.core.instrument.binder.mongodb.MongoMetricsCommandListener@74ba6ff5], codecRegistry=ProvidersCodecRegistry{codecProviders=[ValueCodecProvider{}, BsonValueCodecProvider{}, DBRefCodecProvider{}, DBObjectCodecProvider{}, DocumentCodecProvider{}, IterableCodecProvider{}, MapCodecProvider{}, GeoJsonCodecProvider{}, GridFSFileCodecProvider{}, Jsr310CodecProvider{}, JsonObjectCodecProvider{}, BsonCodecProvider{}, EnumCodecProvider{}, com.mongodb.Jep395RecordCodecProvider@40c8067]}, clusterSettings={hosts=[localhost:27017], srvServiceName=mongodb, mode=SINGLE, requiredClusterType=UNKNOWN, requiredReplicaSetName='null', serverSelector='null', clusterListeners='[]', serverSelectionTimeout='5000 ms', localThreshold='5000 ms'}, socketSettings=SocketSettings{connectTimeoutMS=10000, readTimeoutMS=0, receiveBufferSize=0, sendBufferSize=0}, heartbeatSocketSettings=SocketSettings{connectTimeoutMS=10000, readTimeoutMS=10000, receiveBufferSize=0, sendBufferSize=0}, connectionPoolSettings=ConnectionPoolSettings{maxSize=100, minSize=0, maxWaitTimeMS=120000, maxConnectionLifeTimeMS=0, maxConnectionIdleTimeMS=0, maintenanceInitialDelayMS=0, maintenanceFrequencyMS=60000, connectionPoolListeners=[io.micrometer.core.instrument.binder.mongodb.MongoMetricsConnectionPoolListener@33d7765a], maxConnecting=2}, serverSettings=ServerSettings{heartbeatFrequencyMS=10000, minHeartbeatFrequencyMS=500, serverListeners='[]', serverMonitorListeners='[]'}, sslSettings=SslSettings{enabled=false, invalidHostNameAllowed=false, context=null}, applicationName='null', compressorList=[], uuidRepresentation=STANDARD, serverApi=null, autoEncryptionSettings=null, contextProvider=null}
6387 [cluster-rtt-ClusterId{value='6548d2f52aecc36f83e0f37b', description='null'}-localhost:27017] INFO  org.mongodb.driver.connection - Opened connection [connectionId{localValue:1, serverValue:1682}] to localhost:27017
6388 [cluster-ClusterId{value='6548d2f52aecc36f83e0f37b', description='null'}-localhost:27017] INFO  org.mongodb.driver.connection - Opened connection [connectionId{localValue:2, serverValue:1681}] to localhost:27017
6388 [cluster-ClusterId{value='6548d2f52aecc36f83e0f37b', description='null'}-localhost:27017] INFO  org.mongodb.driver.cluster - Monitor thread successfully connected to server with description ServerDescription{address=localhost:27017, type=STANDALONE, state=CONNECTED, ok=true, minWireVersion=0, maxWireVersion=17, maxDocumentSize=16777216, logicalSessionTimeoutMinutes=30, roundTripTimeNanos=49984500}
6575 [main] WARN  o.s.data.convert.CustomConversions - Registering converter from class java.time.LocalDateTime to class org.joda.time.LocalDateTime as reading converter although it doesn't convert from a store-supported type! You might want to check your annotation setup at the converter implementation.
6850 [main] WARN  o.s.data.convert.CustomConversions - Registering converter from class java.time.LocalDateTime to class org.joda.time.LocalDateTime as reading converter although it doesn't convert from a store-supported type! You might want to check your annotation setup at the converter implementation.
9841 [main] INFO  o.s.b.t.m.w.SpringBootMockServletContext - Initializing Spring TestDispatcherServlet ''
9841 [main] INFO  o.s.t.w.s.TestDispatcherServlet - Initializing Servlet ''
9851 [main] INFO  o.s.b.a.e.web.EndpointLinksResolver - Exposing 1 endpoint(s) beneath base path '/actuator'
9918 [main] INFO  o.s.t.w.s.TestDispatcherServlet - Completed initialization in 77 ms
9982 [main] INFO  o.e.i.p.PurchaseOrderIntegrationTest - Started PurchaseOrderIntegrationTest in 8.812 seconds (JVM running for 11.446)
11630 [main] INFO  o.s.b.t.m.w.SpringBootMockServletContext - Initializing Spring TestDispatcherServlet ''
11630 [main] INFO  o.s.t.w.s.TestDispatcherServlet - Initializing Servlet ''
11631 [main] INFO  o.s.t.w.s.TestDispatcherServlet - Completed initialization in 1 ms
11801 [main] INFO  org.mongodb.driver.connection - Opened connection [connectionId{localValue:3, serverValue:1683}] to localhost:27017
12198 [main] INFO  o.e.p.c.PurchaseOrderController - [GET request] -> get purchase order by UUID: 18bbf208-712b-41df-bf23-c66f8e066a18
12506 [main] INFO  o.s.b.t.m.w.SpringBootMockServletContext - Initializing Spring TestDispatcherServlet ''
12507 [main] INFO  o.s.t.w.s.TestDispatcherServlet - Initializing Servlet ''
12508 [main] INFO  o.s.t.w.s.TestDispatcherServlet - Completed initialization in 1 ms
12517 [main] INFO  o.e.p.c.PurchaseOrderController - [DELETE request] -> remove purchase order identified by 0e45989b-95ac-415f-8699-6feea6995bdb
12559 [main] INFO  o.e.p.c.PurchaseOrderController - [DELETE request] -> remove purchase order identified by 0e45989b-95ac-415f-8699-6feea6995bdb
12564 [main] INFO  org.example.GlobalControllerAdvice - [ClientError] -> class org.example.customexceptions.ResourceNotFoundException:Could not find order identified by 0e45989b-95ac-415f-8699-6feea6995bdb
12585 [main] INFO  o.s.b.t.m.w.SpringBootMockServletContext - Initializing Spring TestDispatcherServlet ''
12585 [main] INFO  o.s.t.w.s.TestDispatcherServlet - Initializing Servlet ''
12586 [main] INFO  o.s.t.w.s.TestDispatcherServlet - Completed initialization in 1 ms
12659 [main] INFO  o.e.p.c.PurchaseOrderController - [PUT request] -> update purchase order identified by 58044d16-b095-43ac-acb8-a942e04a4bd3. New status: CREATED
12694 [main] INFO  o.e.p.c.PurchaseOrderController - [PUT request] -> update purchase order identified by 58044d16-b095-43ac-acb8-a942e04a4bd3. New status: CREATED
12716 [main] INFO  o.s.b.t.m.w.SpringBootMockServletContext - Initializing Spring TestDispatcherServlet ''
12716 [main] INFO  o.s.t.w.s.TestDispatcherServlet - Initializing Servlet ''
12717 [main] INFO  o.s.t.w.s.TestDispatcherServlet - Completed initialization in 1 ms
12733 [main] ERROR org.example.GlobalControllerAdvice - [ServerError] -> class org.springframework.web.multipart.support.MissingServletRequestPartException: Required request part 'order' is not present
471  [main] INFO  o.s.b.t.c.SpringBootTestContextBootstrapper - Neither @ContextConfiguration nor @ContextHierarchy found for test class [org.example.integration.purchaseOrder.PurchaseOrderIntegrationTest], using SpringBootContextLoader
482  [main] INFO  o.s.t.c.s.AbstractContextLoader - Could not detect default resource locations for test class [org.example.integration.purchaseOrder.PurchaseOrderIntegrationTest]: no resource found for suffixes {-context.xml, Context.groovy}.
968  [main] INFO  o.s.b.t.c.SpringBootTestContextBootstrapper - Loaded default TestExecutionListener class names from location [META-INF/spring.factories]: [org.springframework.boot.test.mock.mockito.MockitoTestExecutionListener, org.springframework.boot.test.mock.mockito.ResetMocksTestExecutionListener, org.springframework.boot.test.autoconfigure.restdocs.RestDocsTestExecutionListener, org.springframework.boot.test.autoconfigure.web.client.MockRestServiceServerResetTestExecutionListener, org.springframework.boot.test.autoconfigure.web.servlet.MockMvcPrintOnlyOnFailureTestExecutionListener, org.springframework.boot.test.autoconfigure.web.servlet.WebDriverTestExecutionListener, org.springframework.boot.test.autoconfigure.webservices.client.MockWebServiceServerTestExecutionListener, org.springframework.test.context.web.ServletTestExecutionListener, org.springframework.test.context.support.DirtiesContextBeforeModesTestExecutionListener, org.springframework.test.context.event.ApplicationEventsTestExecutionListener, org.springframework.test.context.support.DependencyInjectionTestExecutionListener, org.springframework.test.context.support.DirtiesContextTestExecutionListener, org.springframework.test.context.transaction.TransactionalTestExecutionListener, org.springframework.test.context.jdbc.SqlScriptsTestExecutionListener, org.springframework.test.context.event.EventPublishingTestExecutionListener]
1013 [main] INFO  o.s.b.t.c.SpringBootTestContextBootstrapper - Using TestExecutionListeners: [org.springframework.test.context.web.ServletTestExecutionListener@6063d80a, org.springframework.test.context.support.DirtiesContextBeforeModesTestExecutionListener@1133ec6e, org.springframework.test.context.event.ApplicationEventsTestExecutionListener@355e34c7, org.springframework.boot.test.mock.mockito.MockitoTestExecutionListener@54709809, org.springframework.boot.test.autoconfigure.SpringBootDependencyInjectionTestExecutionListener@2a2da905, org.springframework.test.context.support.DirtiesContextTestExecutionListener@24f360b2, org.springframework.test.context.transaction.TransactionalTestExecutionListener@60cf80e7, org.springframework.test.context.jdbc.SqlScriptsTestExecutionListener@302fec27, org.springframework.test.context.event.EventPublishingTestExecutionListener@770d0ea6, org.springframework.boot.test.mock.mockito.ResetMocksTestExecutionListener@48c40605, org.springframework.boot.test.autoconfigure.restdocs.RestDocsTestExecutionListener@54107f42, org.springframework.boot.test.autoconfigure.web.client.MockRestServiceServerResetTestExecutionListener@1b11ef33, org.springframework.boot.test.autoconfigure.web.servlet.MockMvcPrintOnlyOnFailureTestExecutionListener@476aac9, org.springframework.boot.test.autoconfigure.web.servlet.WebDriverTestExecutionListener@6cea706c, org.springframework.boot.test.autoconfigure.webservices.client.MockWebServiceServerTestExecutionListener@3bd7f8dc]
1700 [main] INFO  o.e.i.p.PurchaseOrderIntegrationTest - Starting PurchaseOrderIntegrationTest using Java 11.0.19 on FSGWM13 with PID 17036 (started by andreivav in C:\Users\andreivav\Documents\Munca\repo-clone\APAutomationSystem\core)
1701 [main] INFO  o.e.i.p.PurchaseOrderIntegrationTest - No active profile set, falling back to 1 default profile: "default"
4561 [main] INFO  o.s.d.r.c.RepositoryConfigurationDelegate - Bootstrapping Spring Data MongoDB repositories in DEFAULT mode.
4723 [main] INFO  o.s.d.r.c.RepositoryConfigurationDelegate - Finished Spring Data repository scanning in 151 ms. Found 4 MongoDB repository interfaces.
6940 [main] INFO  org.mongodb.driver.client - MongoClient with metadata {"driver": {"name": "mongo-java-driver|sync|spring-boot", "version": "4.6.0"}, "os": {"type": "Windows", "name": "Windows 10", "architecture": "amd64", "version": "10.0"}, "platform": "Java/Amazon.com Inc./11.0.19+7-LTS"} created with settings MongoClientSettings{readPreference=primary, writeConcern=WriteConcern{w=null, wTimeout=null ms, journal=null}, retryWrites=true, retryReads=true, readConcern=ReadConcern{level=null}, credential=null, streamFactoryFactory=null, commandListeners=[io.micrometer.core.instrument.binder.mongodb.MongoMetricsCommandListener@74ba6ff5], codecRegistry=ProvidersCodecRegistry{codecProviders=[ValueCodecProvider{}, BsonValueCodecProvider{}, DBRefCodecProvider{}, DBObjectCodecProvider{}, DocumentCodecProvider{}, IterableCodecProvider{}, MapCodecProvider{}, GeoJsonCodecProvider{}, GridFSFileCodecProvider{}, Jsr310CodecProvider{}, JsonObjectCodecProvider{}, BsonCodecProvider{}, EnumCodecProvider{}, com.mongodb.Jep395RecordCodecProvider@40c8067]}, clusterSettings={hosts=[localhost:27017], srvServiceName=mongodb, mode=SINGLE, requiredClusterType=UNKNOWN, requiredReplicaSetName='null', serverSelector='null', clusterListeners='[]', serverSelectionTimeout='5000 ms', localThreshold='5000 ms'}, socketSettings=SocketSettings{connectTimeoutMS=10000, readTimeoutMS=0, receiveBufferSize=0, sendBufferSize=0}, heartbeatSocketSettings=SocketSettings{connectTimeoutMS=10000, readTimeoutMS=10000, receiveBufferSize=0, sendBufferSize=0}, connectionPoolSettings=ConnectionPoolSettings{maxSize=100, minSize=0, maxWaitTimeMS=120000, maxConnectionLifeTimeMS=0, maxConnectionIdleTimeMS=0, maintenanceInitialDelayMS=0, maintenanceFrequencyMS=60000, connectionPoolListeners=[io.micrometer.core.instrument.binder.mongodb.MongoMetricsConnectionPoolListener@33d7765a], maxConnecting=2}, serverSettings=ServerSettings{heartbeatFrequencyMS=10000, minHeartbeatFrequencyMS=500, serverListeners='[]', serverMonitorListeners='[]'}, sslSettings=SslSettings{enabled=false, invalidHostNameAllowed=false, context=null}, applicationName='null', compressorList=[], uuidRepresentation=STANDARD, serverApi=null, autoEncryptionSettings=null, contextProvider=null}
6955 [cluster-ClusterId{value='6548d98cb523911be805ac08', description='null'}-localhost:27017] INFO  org.mongodb.driver.connection - Opened connection [connectionId{localValue:1, serverValue:1688}] to localhost:27017
6956 [cluster-ClusterId{value='6548d98cb523911be805ac08', description='null'}-localhost:27017] INFO  org.mongodb.driver.cluster - Monitor thread successfully connected to server with description ServerDescription{address=localhost:27017, type=STANDALONE, state=CONNECTED, ok=true, minWireVersion=0, maxWireVersion=17, maxDocumentSize=16777216, logicalSessionTimeoutMinutes=30, roundTripTimeNanos=55822200}
6956 [cluster-rtt-ClusterId{value='6548d98cb523911be805ac08', description='null'}-localhost:27017] INFO  org.mongodb.driver.connection - Opened connection [connectionId{localValue:2, serverValue:1689}] to localhost:27017
7152 [main] WARN  o.s.data.convert.CustomConversions - Registering converter from class java.time.LocalDateTime to class org.joda.time.LocalDateTime as reading converter although it doesn't convert from a store-supported type! You might want to check your annotation setup at the converter implementation.
7434 [main] WARN  o.s.data.convert.CustomConversions - Registering converter from class java.time.LocalDateTime to class org.joda.time.LocalDateTime as reading converter although it doesn't convert from a store-supported type! You might want to check your annotation setup at the converter implementation.
10583 [main] INFO  o.s.b.t.m.w.SpringBootMockServletContext - Initializing Spring TestDispatcherServlet ''
10583 [main] INFO  o.s.t.w.s.TestDispatcherServlet - Initializing Servlet ''
10596 [main] INFO  o.s.b.a.e.web.EndpointLinksResolver - Exposing 1 endpoint(s) beneath base path '/actuator'
10666 [main] INFO  o.s.t.w.s.TestDispatcherServlet - Completed initialization in 83 ms
10730 [main] INFO  o.e.i.p.PurchaseOrderIntegrationTest - Started PurchaseOrderIntegrationTest in 9.629 seconds (JVM running for 12.131)
12439 [main] INFO  o.s.b.t.m.w.SpringBootMockServletContext - Initializing Spring TestDispatcherServlet ''
12439 [main] INFO  o.s.t.w.s.TestDispatcherServlet - Initializing Servlet ''
12440 [main] INFO  o.s.t.w.s.TestDispatcherServlet - Completed initialization in 1 ms
12615 [main] INFO  org.mongodb.driver.connection - Opened connection [connectionId{localValue:3, serverValue:1690}] to localhost:27017
13048 [main] INFO  o.e.p.c.PurchaseOrderController - [GET request] -> get purchase order by UUID: ec216848-5b8e-4474-a845-e2624b7f7567
13370 [main] INFO  o.s.b.t.m.w.SpringBootMockServletContext - Initializing Spring TestDispatcherServlet ''
13370 [main] INFO  o.s.t.w.s.TestDispatcherServlet - Initializing Servlet ''
13371 [main] INFO  o.s.t.w.s.TestDispatcherServlet - Completed initialization in 1 ms
13381 [main] INFO  o.e.p.c.PurchaseOrderController - [DELETE request] -> remove purchase order identified by 6ff333d5-9ae5-4e6d-8a2d-c55870b22b48
13423 [main] INFO  o.e.p.c.PurchaseOrderController - [DELETE request] -> remove purchase order identified by 6ff333d5-9ae5-4e6d-8a2d-c55870b22b48
13430 [main] INFO  org.example.GlobalControllerAdvice - [ClientError] -> class org.example.customexceptions.ResourceNotFoundException:Could not find order identified by 6ff333d5-9ae5-4e6d-8a2d-c55870b22b48
13450 [main] INFO  o.s.b.t.m.w.SpringBootMockServletContext - Initializing Spring TestDispatcherServlet ''
13450 [main] INFO  o.s.t.w.s.TestDispatcherServlet - Initializing Servlet ''
13451 [main] INFO  o.s.t.w.s.TestDispatcherServlet - Completed initialization in 1 ms
13530 [main] INFO  o.e.p.c.PurchaseOrderController - [PUT request] -> update purchase order identified by 80c6d620-6524-45f4-bbf5-7b7c1a0be994. New status: CREATED
13563 [main] INFO  o.e.p.c.PurchaseOrderController - [PUT request] -> update purchase order identified by 80c6d620-6524-45f4-bbf5-7b7c1a0be994. New status: CREATED
13584 [main] INFO  o.s.b.t.m.w.SpringBootMockServletContext - Initializing Spring TestDispatcherServlet ''
13584 [main] INFO  o.s.t.w.s.TestDispatcherServlet - Initializing Servlet ''
13585 [main] INFO  o.s.t.w.s.TestDispatcherServlet - Completed initialization in 1 ms
13607 [main] INFO  o.e.p.c.PurchaseOrderController - [POST request] -> create purchase order from company 2c70891c-50b5-436d-9496-7c3722adcab0 to company 2c70891c-50b5-436d-9496-7c3722adcab0
20144 [main] ERROR org.example.S3BucketOps - [AWS - put S3 object] -> The specified bucket does not exist
