1079 [main] INFO  org.example.Main - Starting Main using Java 11.0.19 on 2WGWM13 with PID 34904 (C:\Users\gabrielaurs\Desktop\projects\APAutomationSystem\core\target\classes started by gabrielaurs in C:\Users\gabrielaurs\Desktop\projects\APAutomationSystem)
1083 [main] INFO  org.example.Main - No active profile set, falling back to 1 default profile: "default"
2778 [main] INFO  o.s.d.r.c.RepositoryConfigurationDelegate - Bootstrapping Spring Data MongoDB repositories in DEFAULT mode.
2914 [main] INFO  o.s.d.r.c.RepositoryConfigurationDelegate - Finished Spring Data repository scanning in 126 ms. Found 4 MongoDB repository interfaces.
3684 [main] INFO  o.s.b.w.e.tomcat.TomcatWebServer - Tomcat initialized with port(s): 8080 (http)
3699 [main] INFO  o.a.coyote.http11.Http11NioProtocol - Initializing ProtocolHandler ["http-nio-8080"]
3699 [main] INFO  o.a.catalina.core.StandardService - Starting service [Tomcat]
3699 [main] INFO  o.a.catalina.core.StandardEngine - Starting Servlet engine: [Apache Tomcat/9.0.63]
3894 [main] INFO  o.a.c.c.C.[Tomcat].[localhost].[/] - Initializing Spring embedded WebApplicationContext
3894 [main] INFO  o.s.b.w.s.c.ServletWebServerApplicationContext - Root WebApplicationContext: initialization completed in 2735 ms
4471 [main] INFO  org.mongodb.driver.client - MongoClient with metadata {"driver": {"name": "mongo-java-driver|sync|spring-boot", "version": "4.6.0"}, "os": {"type": "Windows", "name": "Windows 10", "architecture": "amd64", "version": "10.0"}, "platform": "Java/Amazon.com Inc./11.0.19+7-LTS"} created with settings MongoClientSettings{readPreference=primary, writeConcern=WriteConcern{w=null, wTimeout=null ms, journal=null}, retryWrites=true, retryReads=true, readConcern=ReadConcern{level=null}, credential=null, streamFactoryFactory=null, commandListeners=[io.micrometer.core.instrument.binder.mongodb.MongoMetricsCommandListener@551be9f6], codecRegistry=ProvidersCodecRegistry{codecProviders=[ValueCodecProvider{}, BsonValueCodecProvider{}, DBRefCodecProvider{}, DBObjectCodecProvider{}, DocumentCodecProvider{}, IterableCodecProvider{}, MapCodecProvider{}, GeoJsonCodecProvider{}, GridFSFileCodecProvider{}, Jsr310CodecProvider{}, JsonObjectCodecProvider{}, BsonCodecProvider{}, EnumCodecProvider{}, com.mongodb.Jep395RecordCodecProvider@4def7d36]}, clusterSettings={hosts=[localhost:27017], srvServiceName=mongodb, mode=SINGLE, requiredClusterType=UNKNOWN, requiredReplicaSetName='null', serverSelector='null', clusterListeners='[]', serverSelectionTimeout='5000 ms', localThreshold='5000 ms'}, socketSettings=SocketSettings{connectTimeoutMS=10000, readTimeoutMS=0, receiveBufferSize=0, sendBufferSize=0}, heartbeatSocketSettings=SocketSettings{connectTimeoutMS=10000, readTimeoutMS=10000, receiveBufferSize=0, sendBufferSize=0}, connectionPoolSettings=ConnectionPoolSettings{maxSize=100, minSize=0, maxWaitTimeMS=120000, maxConnectionLifeTimeMS=0, maxConnectionIdleTimeMS=0, maintenanceInitialDelayMS=0, maintenanceFrequencyMS=60000, connectionPoolListeners=[io.micrometer.core.instrument.binder.mongodb.MongoMetricsConnectionPoolListener@626b639e], maxConnecting=2}, serverSettings=ServerSettings{heartbeatFrequencyMS=10000, minHeartbeatFrequencyMS=500, serverListeners='[]', serverMonitorListeners='[]'}, sslSettings=SslSettings{enabled=false, invalidHostNameAllowed=false, context=null}, applicationName='null', compressorList=[], uuidRepresentation=JAVA_LEGACY, serverApi=null, autoEncryptionSettings=null, contextProvider=null}
4474 [cluster-ClusterId{value='65312c087435b95b1eb0c76a', description='null'}-localhost:27017] INFO  org.mongodb.driver.connection - Opened connection [connectionId{localValue:1, serverValue:219}] to localhost:27017
4474 [cluster-rtt-ClusterId{value='65312c087435b95b1eb0c76a', description='null'}-localhost:27017] INFO  org.mongodb.driver.connection - Opened connection [connectionId{localValue:2, serverValue:220}] to localhost:27017
4475 [cluster-ClusterId{value='65312c087435b95b1eb0c76a', description='null'}-localhost:27017] INFO  org.mongodb.driver.cluster - Monitor thread successfully connected to server with description ServerDescription{address=localhost:27017, type=STANDALONE, state=CONNECTED, ok=true, minWireVersion=0, maxWireVersion=17, maxDocumentSize=16777216, logicalSessionTimeoutMinutes=30, roundTripTimeNanos=34922700}
5975 [main] INFO  o.s.b.a.e.web.EndpointLinksResolver - Exposing 1 endpoint(s) beneath base path '/actuator'
6014 [main] INFO  o.a.coyote.http11.Http11NioProtocol - Starting ProtocolHandler ["http-nio-8080"]
6038 [main] INFO  o.s.b.w.e.tomcat.TomcatWebServer - Tomcat started on port(s): 8080 (http) with context path ''
6067 [main] INFO  org.example.Main - Started Main in 5.661 seconds (JVM running for 7.469)
6304 [RMI TCP Connection(1)-192.168.16.176] INFO  o.a.c.c.C.[Tomcat].[localhost].[/] - Initializing Spring DispatcherServlet 'dispatcherServlet'
6304 [RMI TCP Connection(1)-192.168.16.176] INFO  o.s.web.servlet.DispatcherServlet - Initializing Servlet 'dispatcherServlet'
6305 [RMI TCP Connection(1)-192.168.16.176] INFO  o.s.web.servlet.DispatcherServlet - Completed initialization in 1 ms
7423 [RMI TCP Connection(3)-192.168.16.176] INFO  org.mongodb.driver.connection - Opened connection [connectionId{localValue:3, serverValue:221}] to localhost:27017
34719 [http-nio-8080-exec-1] INFO  o.e.p.controllers.InvoiceController - [GET request] -> get all invoices
74307 [http-nio-8080-exec-4] INFO  org.example.GlobalControllerAdvice - [ClientError] -> class org.springframework.web.method.annotation.MethodArgumentTypeMismatchException: Failed to convert value of type 'java.lang.String' to required type 'java.util.UUID'; nested exception is java.lang.IllegalArgumentException: Invalid UUID string: bbb
98453 [http-nio-8080-exec-6] INFO  o.e.p.controllers.CompanyController - [POST request] -> create company:wefe
126657 [http-nio-8080-exec-8] INFO  o.e.p.controllers.FileController - [GET request] -> get file by identifier: 59a4324e-39b2-461d-b3f6-0987a989397d.pdf
131420 [http-nio-8080-exec-8] INFO  org.example.GlobalControllerAdvice - [ClientError] -> class software.amazon.awssdk.services.s3.model.NoSuchKeyException:null
1138 [main] INFO  org.example.Main - Starting Main using Java 11.0.19 on FSGWM13 with PID 22300 (C:\Users\andreivav\Documents\Munca\APAutomationSystem\core\target\classes started by andreivav in C:\Users\andreivav\Documents\Munca\APAutomationSystem)
1141 [main] INFO  org.example.Main - No active profile set, falling back to 1 default profile: "default"
3379 [main] INFO  o.s.d.r.c.RepositoryConfigurationDelegate - Bootstrapping Spring Data MongoDB repositories in DEFAULT mode.
3530 [main] INFO  o.s.d.r.c.RepositoryConfigurationDelegate - Finished Spring Data repository scanning in 140 ms. Found 4 MongoDB repository interfaces.
4392 [main] INFO  o.s.b.w.e.tomcat.TomcatWebServer - Tomcat initialized with port(s): 8080 (http)
4420 [main] INFO  o.a.coyote.http11.Http11NioProtocol - Initializing ProtocolHandler ["http-nio-8080"]
4420 [main] INFO  o.a.catalina.core.StandardService - Starting service [Tomcat]
4421 [main] INFO  o.a.catalina.core.StandardEngine - Starting Servlet engine: [Apache Tomcat/9.0.63]
4665 [main] INFO  o.a.c.c.C.[Tomcat].[localhost].[/] - Initializing Spring embedded WebApplicationContext
4666 [main] INFO  o.s.b.w.s.c.ServletWebServerApplicationContext - Root WebApplicationContext: initialization completed in 3437 ms
5311 [main] INFO  org.mongodb.driver.client - MongoClient with metadata {"driver": {"name": "mongo-java-driver|sync|spring-boot", "version": "4.6.0"}, "os": {"type": "Windows", "name": "Windows 10", "architecture": "amd64", "version": "10.0"}, "platform": "Java/Amazon.com Inc./11.0.19+7-LTS"} created with settings MongoClientSettings{readPreference=primary, writeConcern=WriteConcern{w=null, wTimeout=null ms, journal=null}, retryWrites=true, retryReads=true, readConcern=ReadConcern{level=null}, credential=null, streamFactoryFactory=null, commandListeners=[io.micrometer.core.instrument.binder.mongodb.MongoMetricsCommandListener@69ed5ea2], codecRegistry=ProvidersCodecRegistry{codecProviders=[ValueCodecProvider{}, BsonValueCodecProvider{}, DBRefCodecProvider{}, DBObjectCodecProvider{}, DocumentCodecProvider{}, IterableCodecProvider{}, MapCodecProvider{}, GeoJsonCodecProvider{}, GridFSFileCodecProvider{}, Jsr310CodecProvider{}, JsonObjectCodecProvider{}, BsonCodecProvider{}, EnumCodecProvider{}, com.mongodb.Jep395RecordCodecProvider@29bbc391]}, clusterSettings={hosts=[localhost:27017], srvServiceName=mongodb, mode=SINGLE, requiredClusterType=UNKNOWN, requiredReplicaSetName='null', serverSelector='null', clusterListeners='[]', serverSelectionTimeout='5000 ms', localThreshold='5000 ms'}, socketSettings=SocketSettings{connectTimeoutMS=10000, readTimeoutMS=0, receiveBufferSize=0, sendBufferSize=0}, heartbeatSocketSettings=SocketSettings{connectTimeoutMS=10000, readTimeoutMS=10000, receiveBufferSize=0, sendBufferSize=0}, connectionPoolSettings=ConnectionPoolSettings{maxSize=100, minSize=0, maxWaitTimeMS=120000, maxConnectionLifeTimeMS=0, maxConnectionIdleTimeMS=0, maintenanceInitialDelayMS=0, maintenanceFrequencyMS=60000, connectionPoolListeners=[io.micrometer.core.instrument.binder.mongodb.MongoMetricsConnectionPoolListener@1e1e837d], maxConnecting=2}, serverSettings=ServerSettings{heartbeatFrequencyMS=10000, minHeartbeatFrequencyMS=500, serverListeners='[]', serverMonitorListeners='[]'}, sslSettings=SslSettings{enabled=false, invalidHostNameAllowed=false, context=null}, applicationName='null', compressorList=[], uuidRepresentation=JAVA_LEGACY, serverApi=null, autoEncryptionSettings=null, contextProvider=null}
5319 [cluster-rtt-ClusterId{value='65390c00ff25655f6217fe78', description='null'}-localhost:27017] INFO  org.mongodb.driver.connection - Opened connection [connectionId{localValue:2, serverValue:11}] to localhost:27017
5321 [cluster-ClusterId{value='65390c00ff25655f6217fe78', description='null'}-localhost:27017] INFO  org.mongodb.driver.connection - Opened connection [connectionId{localValue:1, serverValue:10}] to localhost:27017
5321 [cluster-ClusterId{value='65390c00ff25655f6217fe78', description='null'}-localhost:27017] INFO  org.mongodb.driver.cluster - Monitor thread successfully connected to server with description ServerDescription{address=localhost:27017, type=STANDALONE, state=CONNECTED, ok=true, minWireVersion=0, maxWireVersion=17, maxDocumentSize=16777216, logicalSessionTimeoutMinutes=30, roundTripTimeNanos=41776800}
6949 [main] INFO  o.s.b.a.e.web.EndpointLinksResolver - Exposing 1 endpoint(s) beneath base path '/actuator'
6989 [main] INFO  o.a.coyote.http11.Http11NioProtocol - Starting ProtocolHandler ["http-nio-8080"]
7014 [main] INFO  o.s.b.w.e.tomcat.TomcatWebServer - Tomcat started on port(s): 8080 (http) with context path ''
7044 [main] INFO  org.example.Main - Started Main in 6.58 seconds (JVM running for 9.369)
7134 [scheduling-1] INFO  org.mongodb.driver.connection - Opened connection [connectionId{localValue:3, serverValue:12}] to localhost:27017
7326 [RMI TCP Connection(1)-192.168.16.98] INFO  o.a.c.c.C.[Tomcat].[localhost].[/] - Initializing Spring DispatcherServlet 'dispatcherServlet'
7326 [RMI TCP Connection(1)-192.168.16.98] INFO  o.s.web.servlet.DispatcherServlet - Initializing Servlet 'dispatcherServlet'
7328 [RMI TCP Connection(1)-192.168.16.98] INFO  o.s.web.servlet.DispatcherServlet - Completed initialization in 2 ms
15125 [scheduling-1] INFO  org.example.S3BucketOps - [AWS - create S3 bucket] -> eb083f14-a777-457d-b98d-7321193ef056
21318 [scheduling-1] INFO  org.example.S3BucketOps - Successfully created S3 bucket HeadBucketResponse().
21319 [scheduling-1] INFO  org.example.S3BucketOps - [AWS - create S3 bucket] -> eb083f14-a777-453a-b98d-7321193ef056
26229 [scheduling-1] INFO  org.example.S3BucketOps - Successfully created S3 bucket HeadBucketResponse().
26230 [scheduling-1] INFO  org.example.S3BucketOps - [AWS - create S3 bucket] -> fb333f14-a777-457f-b98d-7321193ef056
27514 [scheduling-1] INFO  org.example.S3BucketOps - Successfully created S3 bucket HeadBucketResponse().
27514 [scheduling-1] INFO  org.example.S3BucketOps - [AWS - create S3 bucket] -> ca333f14-a777-451a-b98d-7321193ef078
28886 [scheduling-1] INFO  org.example.S3BucketOps - Successfully created S3 bucket HeadBucketResponse().
28886 [scheduling-1] INFO  org.example.S3BucketOps - [AWS - create S3 bucket] -> f7e6314a-b07f-43d2-8f83-31333555651f
30151 [scheduling-1] INFO  org.example.S3BucketOps - Successfully created S3 bucket HeadBucketResponse().
30152 [scheduling-1] INFO  org.example.S3BucketOps - [AWS - create S3 bucket] -> 929e0ce8-ceea-47c5-a396-5a887912e674
31398 [scheduling-1] INFO  org.example.S3BucketOps - Successfully created S3 bucket HeadBucketResponse().
31398 [scheduling-1] INFO  org.example.S3BucketOps - [AWS - create S3 bucket] -> 07d6b77a-2b97-4ca0-a5cd-697948446577
32938 [scheduling-1] INFO  org.example.S3BucketOps - Successfully created S3 bucket HeadBucketResponse().
32938 [scheduling-1] INFO  org.example.S3BucketOps - [AWS - create S3 bucket] -> 6e0d3c10-5a78-4fd8-81e2-0f14c09c1d2a
35758 [scheduling-1] INFO  org.example.S3BucketOps - Successfully created S3 bucket HeadBucketResponse().
